
> ganapathi-mentor-ai@0.1.0 build
> next build

Î“ĂśĂˇ `eslint` configuration in next.config.mjs is no longer supported. See more info here: https://nextjs.org/docs/app/api-reference/cli/next#next-lint-options
Î“ĂśĂˇ Invalid next.config.mjs options detected: 
Î“ĂśĂˇ     Unrecognized key(s) in object: 'eslint'
Î“ĂśĂˇ See more info here: https://nextjs.org/docs/messages/invalid-next-config
Î“Ă»â–“ Next.js 16.1.6 (Turbopack)
- Environments: .env.local

Î“ĂśĂˇ The "middleware" file convention is deprecated. Please use "proxy" instead. Learn more: https://nextjs.org/docs/messages/middleware-to-proxy
  Creating an optimized production build ...
Î“ÂŁĂ´ Compiled successfully in 8.6s
  Running TypeScript ...
  Collecting page data using 15 workers ...
  Generating static pages using 15 workers (0/67) ...
  Generating static pages using 15 workers (16/67) 
  Generating static pages using 15 workers (33/67) 
  Generating static pages using 15 workers (50/67) 
Î“ÂŁĂ´ Generating static pages using 15 workers (67/67) in 824.3ms
  Finalizing page optimization ...

Route (app)
Î“Ă¶Ă® Î“ĂąĂŻ /
Î“Ă¶ÂŁ Î“ĂąĂŻ /_not-found
Î“Ă¶ÂŁ â•žĂ† /api/alerts
Î“Ă¶ÂŁ â•žĂ† /api/analytics/anomalies
Î“Ă¶ÂŁ â•žĂ† /api/analytics/performance
Î“Ă¶ÂŁ â•žĂ† /api/ask
Î“Ă¶ÂŁ â•žĂ† /api/auth/login
Î“Ă¶ÂŁ â•žĂ† /api/auth/logout
Î“Ă¶ÂŁ â•žĂ† /api/auth/me
Î“Ă¶ÂŁ â•žĂ† /api/auth/oauth
Î“Ă¶ÂŁ â•žĂ† /api/auth/oauth/callback
Î“Ă¶ÂŁ â•žĂ† /api/auth/signup
Î“Ă¶ÂŁ â•žĂ† /api/branding/generate
Î“Ă¶ÂŁ â•žĂ† /api/chat
Î“Ă¶ÂŁ â•žĂ† /api/code-review/analyze
Î“Ă¶ÂŁ â•žĂ† /api/concepts
Î“Ă¶ÂŁ â•žĂ† /api/content
Î“Ă¶ÂŁ â•žĂ† /api/docs/generate
Î“Ă¶ÂŁ â•žĂ† /api/explain-concept
Î“Ă¶ÂŁ â•žĂ† /api/generate-image
Î“Ă¶ÂŁ â•žĂ† /api/generate-video
Î“Ă¶ÂŁ â•žĂ† /api/learning-path/generate
Î“Ă¶ÂŁ â•žĂ† /api/media
Î“Ă¶ÂŁ â•žĂ† /api/metrics
Î“Ă¶ÂŁ â•žĂ† /api/music
Î“Ă¶ÂŁ â•žĂ† /api/productivity
Î“Ă¶ÂŁ â•žĂ† /api/session/end
Î“Ă¶ÂŁ â•žĂ† /api/session/github
Î“Ă¶ÂŁ â•žĂ† /api/session/github/repos
Î“Ă¶ÂŁ â•žĂ† /api/session/start
Î“Ă¶ÂŁ â•žĂ† /api/sessions/recent
Î“Ă¶ÂŁ â•žĂ† /api/specialized
Î“Ă¶ÂŁ â•žĂ† /api/studio/generate
Î“Ă¶ÂŁ â•žĂ† /api/team/analytics
Î“Ă¶ÂŁ â•žĂ† /api/teams
Î“Ă¶ÂŁ â•žĂ† /api/teams/members
Î“Ă¶ÂŁ â•žĂ† /api/tts
Î“Ă¶ÂŁ â•žĂ† /api/youtube/search
Î“Ă¶ÂŁ â•žĂ† /auth/error
Î“Ă¶ÂŁ Î“ĂąĂŻ /auth/login
Î“Ă¶ÂŁ Î“ĂąĂŻ /auth/sign-up
Î“Ă¶ÂŁ Î“ĂąĂŻ /auth/sign-up-success
Î“Ă¶ÂŁ â•žĂ† /dashboard
Î“Ă¶ÂŁ Î“ĂąĂŻ /dashboard-demo
Î“Ă¶ÂŁ â•žĂ† /dashboard/alerts
Î“Ă¶ÂŁ â•žĂ† /dashboard/analytics/anomalies
Î“Ă¶ÂŁ â•žĂ† /dashboard/analytics/performance
Î“Ă¶ÂŁ â•žĂ† /dashboard/branding
Î“Ă¶ÂŁ â•žĂ† /dashboard/code-review
Î“Ă¶ÂŁ â•žĂ† /dashboard/collaboration
Î“Ă¶ÂŁ â•žĂ† /dashboard/concepts
Î“Ă¶ÂŁ â•žĂ† /dashboard/github
Î“Ă¶ÂŁ â•žĂ† /dashboard/last-minute
Î“Ă¶ÂŁ â•žĂ† /dashboard/last-minute/voice-studio
Î“Ă¶ÂŁ â•žĂ† /dashboard/learning
Î“Ă¶ÂŁ â•žĂ† /dashboard/media/studio
Î“Ă¶ÂŁ â•žĂ† /dashboard/research
Î“Ă¶ÂŁ â•žĂ† /dashboard/settings
Î“Ă¶ÂŁ â•žĂ† /dashboard/settings/integrations
Î“Ă¶ÂŁ â•žĂ† /dashboard/specialized
Î“Ă¶ÂŁ â•žĂ† /dashboard/team
Î“Ă¶ÂŁ â•žĂ† /dashboard/tools/docs
Î“Ă¶ÂŁ â•žĂ† /dashboard/tools/productivity
Î“Ă¶ÂŁ Î“ĂąĂŻ /protected
Î“Ă¶ÂŁ Î“ĂąĂŻ /rate-limit-info
Î“Ă¶Ă¶ Î“ĂąĂŻ /test


â•žĂ† Proxy (Middleware)

Î“ĂąĂŻ  (Static)   prerendered as static content
â•žĂ†  (Dynamic)  server-rendered on demand

